Yann Cebron
Igor Mikhailuk
greg
Ann Oreshnikova
Bas Leijdekkers
Alexey Kudravtsev
Eugene Vigdorchik
Dmitry Avdeev
Olesya Smirnova
Dave Griffith
no_reply@jetbrains.com
Leonid Eremin
Builder
Sergey Baranov
Kirill Maximov
Anna Kozlova
Nikolay Chashnikov
Alex Tkachman
Alexander Kitaev
Vyacheslav Lukianov
Maxim Shafirov
Dmitri Boulytchev
Alexey Pegov
Sergey Grigorchuk
Peter Gromov
Alexey Nikitin
Sascha Weinreuter
Igor Kuralenok
Eugene Belyaev
Dmitry Jemerov
Rob Harwood
Alexey Efimov
Kirill Kalishev
Alexander Kireyev
Sergey Golovachev
Eugene Zhuravlev
Sergey Vasiliev
Michael Gerasimov
Mike Aizatsky
Maxim Mossienko
