

|-----------------------new empty commit history with 10 len-----------------------|
commit 7b5b168f1fa7945a9ebde0dffc855e365975e0b5 1fbcd3beb0f32c201cf4d2379ef0f4d4213dbd32
Author: pti <>
Date:   Wed Feb 11 18:22:45 2004 +0000

    no message

commit 12212713ac85e6db9673e4fbd0d8e5260575f1b3 16f91743ec0b4fc86d792ace524d31cafe8ab5aa
Author: pti <>
Date:   Wed Feb 4 05:10:49 2004 +0000

    no message

:100644 100644 4d6d8a5 465891f M	Aurora/Readme.txt

commit 16f91743ec0b4fc86d792ace524d31cafe8ab5aa 1827866b434dac4af8081cb4c101db21ccab15fc
Author: pti <>
Date:   Wed Feb 4 05:10:04 2004 +0000

    no message

:100644 100644 908a26d 4d6d8a5 M	Aurora/Readme.txt

commit ac9698a818d0bb140eac8daf3d281451770a0b67 1994af77582008e72135ef02242d7e3f9e13ddd6
Author: pti <>
Date:   Wed Feb 4 00:31:50 2004 +0000

    no message

:100644 100644 f90d2e5 908a26d M	Aurora/Readme.txt

commit 511b03460b1168c8ee66bd638bca457152b730e9 155584b25c59e4b1ccf3234ae109964205d4ff99
Author: pti <>
Date:   Mon Feb 2 17:05:10 2004 +0000

    no message

:100644 100644 c3afcfe8 f90d2e5 M	Aurora/Readme.txt

commit f5ba6b95f4c964d8666fd1f997fe29526a988ca8 0b0331ce498cd46f13beb9b04a0c8bde37b51b5e
Author: pti <>
Date:   Sun Feb 1 15:41:30 2004 +0000

    no message

:100644 100644 c7d9d6d c3afcfe8 M	Aurora/Readme.txt

commit 0b0331ce498cd46f13beb9b04a0c8bde37b51b5e ff0f19ab362d2fa39c8a094fe23b744e98db5396
Author: pti <>
Date:   Sun Feb 1 15:23:35 2004 +0000

    no message

:100644 100644 10ab7b3 06d6a0f M	Aurora/Changes.txt

commit 43b8d125cb2c89dbd89014f91ac622f1bf0e4620 2f54a26a3cf6d08ae307fb3922ae1339a3d4f9e2
Author: pti <>
Date:   Sun Feb 1 14:53:04 2004 +0000

    no message

:100644 100644 356a1cd c7d9d6d M	Aurora/Readme.txt

commit 2f54a26a3cf6d08ae307fb3922ae1339a3d4f9e2 774579196ce5dc651de2263cef6d1b089e8730f8
Author: pti <>
Date:   Sun Feb 1 14:45:32 2004 +0000

    no message

:100644 100644 7fc5c5b 356a1cd M	Aurora/Readme.txt

commit 774579196ce5dc651de2263cef6d1b089e8730f8 926d5f78f23dafc0ebfa142d0e90806c95e81c45
Author: pti <>
Date:   Sun Feb 1 14:36:29 2004 +0000

    no message

:100644 100644 ccdc260 7fc5c5b M	Aurora/Readme.txt
