Author; 	 Number of commits that does not change any file; 	 Commit-files hash;
               lesya;    37;
[('f34fa202f6cc8a54ef7ac76f0ae288c80313ebbe', 'no message'), ('3089121d387d0d33be8b3fdd2ea5c1ad9308cc50', 'no message'), ('e4381faed55abe0ef79d6d79c70790f1ebc9ad9f', 'no message'), ('e2e386f598a49d9d7d8602d20b5d4364c497fd8e', 'test'), ('262c6a8cf1d35c2d8f14072839aae164c63db64f', 'test'), ('5398624f1085e0135ccb9be0138d69cdacd515e7', 'no message'), ('1e36ef9b008694600985a1ed323cdaca3cb777ea', 'no message'), ('db8e68d3aa661e8426ad3d4ca6f798e6887e6b2a', 'no message'), ('ea1f42cded922b1d03d64d167e454f538f3e6eda', 'no message'), ('ad9cb47216cb8c551aa6d7fb7aeffec13dc4b82a', 'no message'), ('a95cbb559bfc86c333e4d1106176305259a7e5e1', 'fixed trivial bug'), ('52f55665a8741eca3bc28ee1bf50965fbb2f2498', 'no message'), ('ae028f29c1f2984468fcb326b432dc0f8388b4d4', 'no message'), ('5864b6dd642c9c9d6ed0d63fde39b0d764ba135a', 'no message'), ('7dfe698286c50dda1382822c52d7304441879819', 'no message'), ('c3d5a8ab64ec17d182112cf7cc58ba1639daeaad', 'no message'), ('3b43663dfb024722408319fab6f279926a686999', 'no message'), ('ef408212bef59ec2ac21a532bdbcc06b04d4c722', 'no message'), ('5eb0b7c409525052893e4fe74fa62dde173e8715', 'no message'), ('d2dc136150b957f7783b25c54d38d7b9722f7d9c', '-------------------------------------------------------------'), ('68aa2d0064142789ea3eacb7e1db02027cc97cf9', '==========================================================='), ('39813092e35aba2858d8abe1ad9823e2cb5b050e', 'import'), ('4b0f367c7b83e38b373d739b5f94254a1c79163e', 'This commit was generated by cvs2svn to compensate for changes in r14203, which included commits to RCS files with non-trunk default branches.'), ('aab4dfbd79ee8c4224ba3ce9ff71ef162578aaab', 'no message'), ('7bdf058c7b7ad2397e210bc9f95ef338660ca77e', 'no message'), ('7b9d1e37423804721806c72284986826cbf7e0be', 'no message'), ('a1143589b997a7556f9ffaebdbee22dfe80643be', 'no message'), ('9471fb59a21da390d6507728003924875abf5dcc', 'no message'), ('62b2dcf1f554e07a6e90eb044a8fa88da5bd4fa5', 'no message'), ('f0daf425ad2ba6f2c16f6ddb87c8147199099f73', 'no message'), ('8a836f72cc787ddc25fbe2f47ccd3e9e46c818b1', 'no message'), ('a7ec7a4df514fc6034ede60163d36b8d9613b13a', 'no message'), ('bfff578a8500e0783edb69afb0304015a0a21fed', 'no message'), ('ba78129162ed7ce816830a2909e43eec1b59e161', 'no message'), ('629bd361330b1ef3389bbd929632fbb1e03440dd', 'no message'), ('5133a375a4c7a021ee5f87c90ac86838ef352d1c', 'no message'), ('51eb1c7d5d0df9313876bc8066e28b3f276e94f8', 'no message')]; 


               igork;     8;
[('0bcb6e0aead94e7682a6b9769b3286e61c85d03d', 'test fixed'), ('841254f1914f9348fbbd7ea7408013a079d17f70', 'no message'), ('f1fff331943a3f076378a6ebacb5b7746c5a2363', 'changes upper then root tag did not reparce hole file'), ('0d2ebab4846bd0d29897109b5a6df872635b5c5a', 'include action support'), ('0f200c672278c2b65d08ba7436c961ddad945e9e', 'Relative path fix'), ('a2108b53f2f05c81fc227a2e58b899b9154b9f3a', 'rollback'), ('812662245e6e6012a34776d08f6863c58a26466f', 'no message'), ('494240c35ba85d101896032f199c6ddd4f2568c9', 'Refactoring with NamedElement')]; 


             stathik;    12;
[('43b4962d61775f8e5929a828349f4c461c29e630', 'no message'), ('02f851956b5cebd431c24f25acb0996376c1f3ea', 'no message'), ('d76b928d33c5c533e242034ae9d590b9b8637623', 'no message'), ('4cc69310ad186ab6a92185292cd4623242c23df8', 'no message'), ('08b9f019ceadebef037690a9a3acf6b872011622', 'no message'), ('bea883aba27fc5878ffeba9447bf2a3c39045246', 'no message'), ('21ae84461eaac1472ed2d70639948f67f00fd384', 'no message'), ('fb1cdec8b2a26c7657a88427bed864419e10a184', 'no message'), ('a527d0f926c5910b6d711b89d655e186ee262c6c', 'no message'), ('fc3fdf6f8a5f21c25883a6ec0d9ef954c8f03a10', 'no message'), ('774bbc95bb51d29b6afcf61ac294b9a60b1e7edf', 'no message'), ('c729df6893cf23d7aa39c957c13aa52dff6a492d', 'no message')]; 


     Maxim.Mossienko;     4;
[('3b7ea4f1e4887be8a61646b0aba3b9749ba4df50', 'added test for ) in java code'), ('6cb84ced7f12cc521e4716b9a19e20c848613aef', 'fixed one char diff again'), ('3adb62c2c4f0ec2ea581688e16e6f57a49e8879a', 'fixed one char missed'), ('32983395436b4818a2faf6c3e0bcf9ed05df2c86', 'large test case was landed')]; 


                 lex;    18;
[('2dfa50a7532295358957c4970232815186f8f8e4', 'no message'), ('f3b0e9bd1fc683b09d59eef62b846d660b0842ec', 'no message'), ('2764fb38b5584d02a2fd972dc9857c66cde180bd', 'no message'), ('7a20657dd6f8e962d7553674bf966ba0661f5c8d', 'no message'), ('9c187abbf5b470952d59cc0d513a5a90cd34fa74', 'no message'), ('6a073aa8ef508cdee3590dd69e8b1972e33c3a50', 'no message'), ('63dea8a7cf83ae74c0801bb41f75f16b0c3d177c', 'no message'), ('a278e5425790af80f02ff12da09124a787e4def8', 'no message'), ('57855e7d0c24bf9ea36345ecc3339bf0e84dc25a', 'no message'), ('d4ab140207493f88f88ce4074edfc176a08ca3ad', 'no message'), ('3f1a84d870e98b9a5d2b1949856c29b24bd1c3b3', 'no message'), ('08c7ce049507aa1345bac5cd56d6a5bf88ecf99a', 'no message'), ('e62ebda21598166e5267bc9281e595e2b24e1849', 'no message'), ('2074772bc76075fa01077e031dfa61fe10dfca42', 'no message'), ('0291779afaa48768b7fa951fc634c51a3f5c225a', 'no message'), ('8a8629725f7f516ad4da566ac813d5879b9a5487', 'no message'), ('ffae7d02ccac628af546e1f1595523080d3ecca5', 'no message'), ('8df1fad17d9ae3427258ef47951dc85313273714', 'no message')]; 


                 ven;    13;
[('6fb1aa772f18e69cfad048f9f2a0d77907bb21bb', 'no message'), ('fbb51feb1019cd0e13c5f7c68af0bb6536a835fc', 'no message'), ('d8b8eb9b0938d1cca413ddbae87d9a61bde03fc1', 'no message'), ('55410c948ad8ca10026fb512aec00366e9696491', 'no message'), ('3b10e4eb4b1e96289979d0f186a88dec3b0c84a7', 'no message'), ('a4cd9979ca3de70304b59ca614f8ee716a2bce00', 'no message'), ('9f283ff3df9ac38f8f0cc32de1f32ba7c770d926', 'no message'), ('28701d9658355b050529fb32ba2a9ddb8af21f61', 'SCR 33230'), ('93cefabad8c27d2a42cfcf48452891e17f803221', 'no message'), ('159eca0cd58e27733dec096db8be176ef05b204e', 'no message'), ('2d0fcb1ed7e82701cad22ede29a3e2a23d74a287', 'no message'), ('dd20f5896fb993ca0e297f0cfe443e1771c985f7', 'no message'), ('3a417c10ba3fc1ee99865eb90cd21602dfd924a4', 'no message')]; 


        Anna.Kozlova;     2;
[('5c4489226db381b819521a08113114444fd5d880', 'no message'), ('26bd90d7396aee1894b4335bbc780b5b93172332', 'no message')]; 


                jeka;    12;
[('ffce9e16f41d1acd1afa44b1d05372a951488bf6', 'some more logging for compiler output paths management'), ('24ffd317a4fb055c735e48f8208092f62e14a98b', 'no message'), ('4cafbc62561fe61ed960969b8497434579086801', 'no message'), ('7901f77f5627c6e7a06f9a84d9ec222d2ff0dc75', 'no message'), ('c7a12758f137c049f831f8db58dd8670d09477d7', 'no message'), ('908ec5b918806aa9fef92e891e85e55d263726d9', 'no message'), ('19ec586f4ddc256c2af5c8acbe02d4aa8e7d0902', 'no message'), ('b4e0e3829fb97fd176a1ede18a97a9da54265e55', 'no message'), ('76622a1c9b43e0e5bb1fdc8322fcc8e4250d3912', 'no message'), ('f2c392d85c53904ddea1bafa5d1b0c299702793c', 'no message'), ('8af7370900e654958a57978a24fe3de757d5155e', 'no message'), ('3c7bb7a96b7cb4e10d0b90e3683f4a1e8961635c', 'no message')]; 


                 max;    23;
[('1f226c2981f71362b8f7f4c2fe3376b235267b26', 'no message'), ('3ff3bd2a89514fd6679dca1648046a6295fd53c3', 'no message'), ('a1fcc994db5eee7e28d52a01d9efb2303076a653', 'no message'), ('5c5eab8bbf962ff728dbf32e7b1f9c3ee327278a', 'no message'), ('5b167a4ad3a355bccbfe1e39dfe5bb983e8ec993', 'no message'), ('2bcf1ab1c4e615b4b60e374d18c0342d9329ef82', 'no message'), ('280826cba19cb4c240447d659a792beffc05b68b', 'no message'), ('ecdba47d15245e912b1500fead501126ceeba30c', 'SelectIn, HelpManager, Debugger'), ('4f28b7edc1e5104c7a36aee6db62d544a1701120', 'no message'), ('4a13a90baac6da5cd13b7979e973c01b349e6b42', 'no message'), ('b985d16e09b41abe5adaec1af9b47a0680110939', 'no message'), ('38bed94f5488696bd9e18532a3094b057a157866', 'no message'), ('e05bca9b27f35b5d922147eab913d91fe9fea6cc', 'no message'), ('6cea00c8ec6f57673f81df1f20d194d0b5b4bdd1', 'no message'), ('dc0f2010a2cb293554a1418e2d64d443fffe46d8', 'no message'), ('2235c3b24a660764343c460e959c940a695ef402', 'no message'), ('46862b2dc19e592fca81b78ae8cb7c761b7b60eb', 'no message'), ('45e18def6c8f306a7510989208e8cf72618e5e44', 'no message'), ('aab0dfa933237425fb082abba99f031a2bc9c1cf', 'no message'), ('d0ec9782873e67e9966dc20c731ceb5961e55ef8', 'no message'), ('3fbe7b80cb068478943cdf05d4b4b50bc9a98f30', 'no message'), ('dd54b3164c323849a58a3131d4363066d814ed4a', 'no message'), ('0b3950513d4f0a1977a73942dbbe9678c1d17e81', 'no message')]; 


                 msk;     1;
[('875fd6dee23f60a07d3e77f28e16d64ab0f4e9c4', 'ByteBuffer speed temp. workaround')]; 


                 dsl;    29;
[('4371c31ac0362318ee8a06b4bb695a4462bacd56', 'no message'), ('4371ff027c8735b4af0a74445dbce968c7d8ca2b', 'no message'), ('5506c9e5ef45ebfacbcb2a2158e7906fa7faa7c9', 'no message'), ('05dc15cec62fc6c56838bc15613fb6b49eddbd6f', 'no message'), ('f393db155bb4d4b035b4eb51280ca87ab2f93a68', 'no message'), ('6ce41980df3a167058325c66ea62436190bf7196', 'no message'), ('b994fc84788d3d56d3aae9851a79ff27c3b8869b', 'no message'), ('a242394cf0a63bd1a19b44b933f97a11a882ce48', 'no message'), ('b56a52edf58789df86baa2f62769300032de759d', 'no message'), ('bd3e714fc778eb5aa390917285553f739fe79387', 'no message'), ('6c775223d0fd7951894d3dbd41e2de5274762388', 'no message'), ('de3e74da05cb3ba47e55b4dca830616c41a9f4e4', 'no message'), ('0d8f519f8a2cf821951015cd0cda062b37a40875', 'no message'), ('0e7f46f127d9d5a48cfc147d5599b03fdd422067', 'no message'), ('779834e541a89009cf7bb600fd54707554f5484c', 'no message'), ('447a884b6ac6b6fe3efa7b309b4e4c66fe715d38', 'no message'), ('5f884d42a4f8aa3047ee7a41fca254a7eb05b8f8', 'no message'), ('bffdb28d76d47f5d733b3ca7eeaf658a9bef7a54', 'no message'), ('c27b6376f27d8e5e86ee8d005a9701477ae1355e', 'no message'), ('dfbb07bc41bc17bd50f62918965ff582dd1ab80b', 'no message'), ('90b2779ce34e1fe390532798069f5ddaaab146ac', 'no message'), ('9267399692f758d8941b42c9513e3550fb2bcc88', 'no message'), ('926027348d1b0ab9768520398c9d5c37e1968cbf', 'no message'), ('426fc28d98527bef8f71c5bf5df531d52ad902aa', 'no message'), ('85a1934aae70d9c10f7e69af1f75b4c6bb903a0e', 'no message'), ('22e762b9273cb0df886515b627b78f7c8483501b', 'no message'), ('102895c6a2c7d18d13935d07588b308253a06094', 'no message'), ('bfa47616ba942b27dc0a979a8601f1075e10ef5f', 'no message'), ('9eae525d8ee8731046ef6a759547d78cd3a32bfb', 'no message')]; 


             ignatov;     1;
[('08ad5793d85192d1004aaa1ebbc154faf1341f9e', "This commit was manufactured by cvs2svn to create branch 'PALLADA_RELEASE'.")]; 


                 cdr;     9;
[('ff477f8a1de02df9c9033146be43922c29a5cbd9', 'no message'), ('79e147efd5421871c9ee8547b02dd98c3eaa7c4d', 'no message'), ('94568fe16336cd2cbf35908222159e259a9e3933', 'no message'), ('6ed33c5ace4a0bada10c41574fed264a9a603f3e', 'no message'), ('8e2f490c8347adbe59442eb491c6b6f1132b386b', 'no message'), ('088f26b3d2c85e763f2e337937bbcdaa54c9f793', 'no message'), ('8b796abe6593b69714180182e4c39562cf5637ec', 'no message'), ('e1e0cc9f03626739b601e85c1a43f8226acc89d9', 'no message'), ('00090deaacd115a450a7d59806f7af870c5aef43', 'no message')]; 


  Dmitry.Shtukenberg;     1;
[('191f4dc4334f7a522c7aeb239c509340672483eb', 'No caches updates after changes to workspace file')]; 


             builder;     1;
[('899c8c02ee5dc6ef51bb79cdef24bd871730e0de', 'no message')]; 


                  db;    13;
[('93086f1f90ff0d33b10e89397c356e8529edb201', 'no message'), ('12c71b2448f3e92d7af71b5ffc819f6c616ecc6f', 'no message'), ('e705d95d58445126bbcb405dd534153e84d33b8f', 'no message'), ('2b01319d1a70441bbaa03c78fd44580d3739cee3', 'no message'), ('b5ee26acd600efa784c9515a213fb44275177ce6', 'no message'), ('97368a1272acfe6ec26a6e02d457b2bf83108b00', 'no message'), ('81c1b19042f171f71002b926ac1d9fabb02360f6', 'no message'), ('a008b906dc44390a3ab7ab2de8b21c9bf05ac2db', 'no message'), ('d8472659446019b59dec4de5fa9199daca9af0b3', 'no message'), ('20e349fe2a35a0cd502a66066fb00feec774e1b9', 'no message'), ('9330758316c1f33c324e9cea106eba398d6e4799', 'no message'), ('88bf6a9ab60d3b1dcc209a3ada2e86fdbbea5e4e', 'no message'), ('ad0325aca85c4d58e842f7e6b0bd532f5ad56d0a', 'no message')]; 


               dyoma;     9;
[('6fbf6d93aecef6b778a8d75994f23ba1a4840eb2', 'no message'), ('d5d8c2ab73e805eaf67dcc931ed9e3985963c4e2', 'no message'), ('ad580eedbefb22881dbe53fa50619689698771ae', 'no message'), ('78c052b91ef4d2e32bd3adeb7e5cb6bc0b19f4c2', 'no message'), ('7a1a4b49985fdda88b67dc9b86a84f3db7e2060b', 'no message'), ('90e06142c1f5ab7161adce82f738d191391b8b72', 'no message'), ('032fe882af19621f6855c26c73f9bb75eecf296b', 'no message'), ('2f5402a1c57f2aae52aeaa72d56cc3461a65bef2', 'no message'), ('b601783a98d0d89dd44356abae35d258fdf1adc9', 'no message')]; 


                 rob;     3;
[('3d097d2fe7648de8f76813d8a548177bf13d2a73', 'Add Personal License'), ('6456b151462ec98861649f4117b7e0bb5da4fe4e', 'no message'), ('b9d11f0e4d1752ebb2450f5ec6da277092afef0b', 'no message')]; 


                 pti;     1;
[('7b5b168f1fa7945a9ebde0dffc855e365975e0b5', 'no message')]; 


            valentin;     7;
[('50fd1bc9bbcba6b0542a99738108e83a4a217734', 'no message'), ('4915fc349a54a57b3dab9697f384fd723a11c23d', 'no message'), ('2635d6ed79f47cf9bdbecb3025fae481f2466f1d', 'no message'), ('be1e7a699fe6a9bb1eda579dc44a5389e8d71933', 'no message'), ('f82f9d73240039812729b7bcc7f1a4a6291f1a8e', 'no message'), ('c34f527bd763ce58ad92a2d2d6655e53204e7818', 'no message'), ('be18d3429ec9fe9290c68f16d32ecfa64dfd4151', 'no message')]; 


                vova;     4;
[('06409bbe372d2fcb9b87e893680fd003c508ee0c', 'no message'), ('65a75739b62bcd1aa7fe4f14e77e727b6bb4d33c', 'no message'), ('5048df26286029fd99a588c6e7c452c40bdda36d', 'no message'), ('1fe10e5f77c4cb6e41bf76f05b304a5919455f9a', 'no message')]; 


                plum;     4;
[('cd9cbdaa7a74a3d36dc8187a55f533e673b015fe', 'no message'), ('602b52c25e90095c33cb27ae043bcede7dbd2b08', 'no message'), ('94aa0f86c189c9ce66036108b0223109b272eb0e', 'no message'), ('f59d675c28685cb48cf7c4621300a14f49dc1643', 'no message')]; 


             kirillk;     2;
[('e67c167c53222c12b6e57ff21d69aae876fb6b50', 'oops, declaration statements inside code fragments allowed'), ('ccfbfb293c2f6cf118e6c1191aa08317033d88c3', 'no message')]; 


                dsha;     1;
[('942a9521424b082bc496d3a47d0d0fcc408b84a3', 'Added support for multi-line comments')]; 


                mike;     2;
[('77b060f13f1a33747eb32d8834addf616d6c58ac', 'no message'), ('14d9c686664aaeb8dd350320e8ff3c7c94300e40', 'no message')]; 


              sergey;     1;
[('40458c826d5a8c7e3c3a0a289bfe05a6feeb7042', 'initial checkin')]; 


